<?xml version="1.0" encoding="UTF-8"?>
<!-- Generated by org.testng.reporters.JUnitXMLReporter -->
<testsuite ignored="0" hostname="DESKTOP-7KCG94D" failures="2" tests="7" name="Test" time="94.459" errors="0" timestamp="2025-07-11T20:10:22 IST">
  <testcase classname="tests.TC006_ContactUs" name="contactUs" time="2.966">
    <failure type="org.openqa.selenium.InvalidArgumentException" message="invalid argument: File not found : C:\Users\rutur\eclipse-workspace\com.ecartproject\screenshots\Login.png
  (Session info: chrome=138.0.7204.101)
Build info: version: &amp;apos;4.20.0&amp;apos;, revision: &amp;apos;866c76ca80&amp;apos;
System info: os.name: &amp;apos;Windows 10&amp;apos;, os.arch: &amp;apos;amd64&amp;apos;, os.version: &amp;apos;10.0&amp;apos;, java.version: &amp;apos;17.0.8.1&amp;apos;
Driver info: org.openqa.selenium.chrome.ChromeDriver
Command: [6e1e5de1e091b6a711e0b755518e4619, sendKeysToElement {id=f.36E219792D86805F97CDF8E9030DBE88.d.F7BED6B7BC673CCE6C7CD7C19567A835.e.42, value=[Ljava.lang.CharSequence;@fab35b1}]
Capabilities {acceptInsecureCerts: false, browserName: chrome, browserVersion: 138.0.7204.101, chrome: {chromedriverVersion: 138.0.7204.94 (545025748884..., userDataDir: C:\Users\Pallavi\AppData\Lo...}, fedcm:accounts: true, goog:chromeOptions: {debuggerAddress: localhost:54841}, networkConnectionEnabled: false, pageLoadStrategy: normal, platformName: windows, proxy: Proxy(), se:cdp: ws://localhost:54841/devtoo..., se:cdpVersion: 138.0.7204.101, setWindowRect: true, strictFileInteractability: false, timeouts: {implicit: 0, pageLoad: 300000, script: 30000}, unhandledPromptBehavior: dismiss and notify, webauthn:extension:credBlob: true, webauthn:extension:largeBlob: true, webauthn:extension:minPinLength: true, webauthn:extension:prf: true, webauthn:virtualAuthenticators: true}
Element: [[ChromeDriver: chrome on windows (6e1e5de1e091b6a711e0b755518e4619)] -&amp;gt; name: upload_file]
Session ID: 6e1e5de1e091b6a711e0b755518e4619">
      <![CDATA[org.openqa.selenium.InvalidArgumentException: invalid argument: File not found : C:\Users\rutur\eclipse-workspace\com.ecartproject\screenshots\Login.png
  (Session info: chrome=138.0.7204.101)
Build info: version: '4.20.0', revision: '866c76ca80'
System info: os.name: 'Windows 10', os.arch: 'amd64', os.version: '10.0', java.version: '17.0.8.1'
Driver info: org.openqa.selenium.chrome.ChromeDriver
Command: [6e1e5de1e091b6a711e0b755518e4619, sendKeysToElement {id=f.36E219792D86805F97CDF8E9030DBE88.d.F7BED6B7BC673CCE6C7CD7C19567A835.e.42, value=[Ljava.lang.CharSequence;@fab35b1}]
Capabilities {acceptInsecureCerts: false, browserName: chrome, browserVersion: 138.0.7204.101, chrome: {chromedriverVersion: 138.0.7204.94 (545025748884..., userDataDir: C:\Users\Pallavi\AppData\Lo...}, fedcm:accounts: true, goog:chromeOptions: {debuggerAddress: localhost:54841}, networkConnectionEnabled: false, pageLoadStrategy: normal, platformName: windows, proxy: Proxy(), se:cdp: ws://localhost:54841/devtoo..., se:cdpVersion: 138.0.7204.101, setWindowRect: true, strictFileInteractability: false, timeouts: {implicit: 0, pageLoad: 300000, script: 30000}, unhandledPromptBehavior: dismiss and notify, webauthn:extension:credBlob: true, webauthn:extension:largeBlob: true, webauthn:extension:minPinLength: true, webauthn:extension:prf: true, webauthn:virtualAuthenticators: true}
Element: [[ChromeDriver: chrome on windows (6e1e5de1e091b6a711e0b755518e4619)] -> name: upload_file]
Session ID: 6e1e5de1e091b6a711e0b755518e4619
at org.openqa.selenium.remote.ErrorCodec.decode(ErrorCodec.java:167)
at org.openqa.selenium.remote.codec.w3c.W3CHttpResponseCodec.decode(W3CHttpResponseCodec.java:138)
at org.openqa.selenium.remote.codec.w3c.W3CHttpResponseCodec.decode(W3CHttpResponseCodec.java:50)
at org.openqa.selenium.remote.HttpCommandExecutor.execute(HttpCommandExecutor.java:190)
at org.openqa.selenium.remote.service.DriverCommandExecutor.invokeExecute(DriverCommandExecutor.java:216)
at org.openqa.selenium.remote.service.DriverCommandExecutor.execute(DriverCommandExecutor.java:174)
at org.openqa.selenium.remote.RemoteWebDriver.execute(RemoteWebDriver.java:518)
at org.openqa.selenium.remote.RemoteWebElement.execute(RemoteWebElement.java:223)
at org.openqa.selenium.remote.RemoteWebElement.sendKeys(RemoteWebElement.java:110)
at org.openqa.selenium.support.pagefactory.internal.LocatingElementHandler.invoke(LocatingElementHandler.java:51)
at jdk.proxy2/jdk.proxy2.$Proxy32.sendKeys(Unknown Source)
at com.pageObjects.ContactUsPage.doContactUs(ContactUsPage.java:43)
at tests.TC006_ContactUs.contactUs(TC006_ContactUs.java:32)
at java.base/java.util.ArrayList.forEach(ArrayList.java:1511)
... Removed 36 stack frames]]>
    </failure>
  </testcase> <!-- contactUs -->
  <testcase classname="tests.TC000_HomePage" name="TC001_HomePage" time="0.025"/>
  <testcase classname="tests.TC002_LoginUser" name="Login" time="6.147"/>
  <testcase classname="tests.TC004_LogOutUser" name="LogOut" time="5.398"/>
  <testcase classname="tests.TC001_RegisterUser" name="doSignup" time="1.802">
    <failure type="java.lang.AssertionError" message="Signup page title mismatch expected [Automation Exercise - Signup] but found [Automation Exercise - Signup / Login]">
      <![CDATA[java.lang.AssertionError: Signup page title mismatch expected [Automation Exercise - Signup] but found [Automation Exercise - Signup / Login]
at tests.TC001_RegisterUser.doSignup(TC001_RegisterUser.java:35)
at java.base/java.util.ArrayList.forEach(ArrayList.java:1511)
... Removed 32 stack frames]]>
    </failure>
  </testcase> <!-- doSignup -->
  <testcase classname="tests.TC009_SearchProduct" name="searchProduct" time="14.759"/>
  <testcase classname="tests.TC008_Products" name="productCheck" time="6.093"/>
</testsuite> <!-- Test -->
