<?xml version="1.0" encoding="UTF-8"?>
<testng-results ignored="0" total="7" passed="5" failed="2" skipped="0">
  <reporter-output>
  </reporter-output>
  <suite started-at="2025-07-11T20:08:47 IST" name="Suite" finished-at="2025-07-11T20:10:22 IST" duration-ms="94459">
    <groups>
    </groups>
    <test started-at="2025-07-11T20:08:47 IST" name="Test" finished-at="2025-07-11T20:10:22 IST" duration-ms="94459">
      <class name="tests.TC004_LogOutUser">
        <test-method is-config="true" signature="init()[pri:0, instance:tests.TC004_LogOutUser@48075da3]" started-at="2025-07-11T20:09:24 IST" name="init" finished-at="2025-07-11T20:09:32 IST" duration-ms="7776" status="PASS">
          <reporter-output>
          </reporter-output>
        </test-method> <!-- init -->
        <test-method signature="LogOut()[pri:0, instance:tests.TC004_LogOutUser@48075da3]" started-at="2025-07-11T20:09:32 IST" name="LogOut" finished-at="2025-07-11T20:09:37 IST" duration-ms="5398" status="PASS">
          <reporter-output>
          </reporter-output>
        </test-method> <!-- LogOut -->
        <test-method is-config="true" signature="close()[pri:0, instance:tests.TC004_LogOutUser@48075da3]" started-at="2025-07-11T20:09:37 IST" name="close" finished-at="2025-07-11T20:09:37 IST" duration-ms="238" status="PASS">
          <reporter-output>
          </reporter-output>
        </test-method> <!-- close -->
      </class> <!-- tests.TC004_LogOutUser -->
      <class name="tests.TC006_ContactUs">
        <test-method is-config="true" signature="init()[pri:0, instance:tests.TC006_ContactUs@8f2ef19]" started-at="2025-07-11T20:08:48 IST" name="init" finished-at="2025-07-11T20:09:00 IST" duration-ms="12315" status="PASS">
          <reporter-output>
          </reporter-output>
        </test-method> <!-- init -->
        <test-method signature="contactUs()[pri:0, instance:tests.TC006_ContactUs@8f2ef19]" started-at="2025-07-11T20:09:00 IST" name="contactUs" finished-at="2025-07-11T20:09:03 IST" duration-ms="2966" status="FAIL">
          <exception class="org.openqa.selenium.InvalidArgumentException">
            <message>
              <![CDATA[invalid argument: File not found : C:\Users\rutur\eclipse-workspace\com.ecartproject\screenshots\Login.png
  (Session info: chrome=138.0.7204.101)
Build info: version: '4.20.0', revision: '866c76ca80'
System info: os.name: 'Windows 10', os.arch: 'amd64', os.version: '10.0', java.version: '17.0.8.1'
Driver info: org.openqa.selenium.chrome.ChromeDriver
Command: [6e1e5de1e091b6a711e0b755518e4619, sendKeysToElement {id=f.36E219792D86805F97CDF8E9030DBE88.d.F7BED6B7BC673CCE6C7CD7C19567A835.e.42, value=[Ljava.lang.CharSequence;@fab35b1}]
Capabilities {acceptInsecureCerts: false, browserName: chrome, browserVersion: 138.0.7204.101, chrome: {chromedriverVersion: 138.0.7204.94 (545025748884..., userDataDir: C:\Users\Pallavi\AppData\Lo...}, fedcm:accounts: true, goog:chromeOptions: {debuggerAddress: localhost:54841}, networkConnectionEnabled: false, pageLoadStrategy: normal, platformName: windows, proxy: Proxy(), se:cdp: ws://localhost:54841/devtoo..., se:cdpVersion: 138.0.7204.101, setWindowRect: true, strictFileInteractability: false, timeouts: {implicit: 0, pageLoad: 300000, script: 30000}, unhandledPromptBehavior: dismiss and notify, webauthn:extension:credBlob: true, webauthn:extension:largeBlob: true, webauthn:extension:minPinLength: true, webauthn:extension:prf: true, webauthn:virtualAuthenticators: true}
Element: [[ChromeDriver: chrome on windows (6e1e5de1e091b6a711e0b755518e4619)] -> name: upload_file]
Session ID: 6e1e5de1e091b6a711e0b755518e4619]]>
            </message>
            <full-stacktrace>
              <![CDATA[org.openqa.selenium.InvalidArgumentException: invalid argument: File not found : C:\Users\rutur\eclipse-workspace\com.ecartproject\screenshots\Login.png
  (Session info: chrome=138.0.7204.101)
Build info: version: '4.20.0', revision: '866c76ca80'
System info: os.name: 'Windows 10', os.arch: 'amd64', os.version: '10.0', java.version: '17.0.8.1'
Driver info: org.openqa.selenium.chrome.ChromeDriver
Command: [6e1e5de1e091b6a711e0b755518e4619, sendKeysToElement {id=f.36E219792D86805F97CDF8E9030DBE88.d.F7BED6B7BC673CCE6C7CD7C19567A835.e.42, value=[Ljava.lang.CharSequence;@fab35b1}]
Capabilities {acceptInsecureCerts: false, browserName: chrome, browserVersion: 138.0.7204.101, chrome: {chromedriverVersion: 138.0.7204.94 (545025748884..., userDataDir: C:\Users\Pallavi\AppData\Lo...}, fedcm:accounts: true, goog:chromeOptions: {debuggerAddress: localhost:54841}, networkConnectionEnabled: false, pageLoadStrategy: normal, platformName: windows, proxy: Proxy(), se:cdp: ws://localhost:54841/devtoo..., se:cdpVersion: 138.0.7204.101, setWindowRect: true, strictFileInteractability: false, timeouts: {implicit: 0, pageLoad: 300000, script: 30000}, unhandledPromptBehavior: dismiss and notify, webauthn:extension:credBlob: true, webauthn:extension:largeBlob: true, webauthn:extension:minPinLength: true, webauthn:extension:prf: true, webauthn:virtualAuthenticators: true}
Element: [[ChromeDriver: chrome on windows (6e1e5de1e091b6a711e0b755518e4619)] -> name: upload_file]
Session ID: 6e1e5de1e091b6a711e0b755518e4619
at java.base/jdk.internal.reflect.NativeConstructorAccessorImpl.newInstance0(Native Method)
at java.base/jdk.internal.reflect.NativeConstructorAccessorImpl.newInstance(NativeConstructorAccessorImpl.java:77)
at java.base/jdk.internal.reflect.DelegatingConstructorAccessorImpl.newInstance(DelegatingConstructorAccessorImpl.java:45)
at java.base/java.lang.reflect.Constructor.newInstanceWithCaller(Constructor.java:499)
at java.base/java.lang.reflect.Constructor.newInstance(Constructor.java:480)
at org.openqa.selenium.remote.ErrorCodec.decode(ErrorCodec.java:167)
at org.openqa.selenium.remote.codec.w3c.W3CHttpResponseCodec.decode(W3CHttpResponseCodec.java:138)
at org.openqa.selenium.remote.codec.w3c.W3CHttpResponseCodec.decode(W3CHttpResponseCodec.java:50)
at org.openqa.selenium.remote.HttpCommandExecutor.execute(HttpCommandExecutor.java:190)
at org.openqa.selenium.remote.service.DriverCommandExecutor.invokeExecute(DriverCommandExecutor.java:216)
at org.openqa.selenium.remote.service.DriverCommandExecutor.execute(DriverCommandExecutor.java:174)
at org.openqa.selenium.remote.RemoteWebDriver.execute(RemoteWebDriver.java:518)
at org.openqa.selenium.remote.RemoteWebElement.execute(RemoteWebElement.java:223)
at org.openqa.selenium.remote.RemoteWebElement.sendKeys(RemoteWebElement.java:110)
at java.base/jdk.internal.reflect.NativeMethodAccessorImpl.invoke0(Native Method)
at java.base/jdk.internal.reflect.NativeMethodAccessorImpl.invoke(NativeMethodAccessorImpl.java:77)
at java.base/jdk.internal.reflect.DelegatingMethodAccessorImpl.invoke(DelegatingMethodAccessorImpl.java:43)
at java.base/java.lang.reflect.Method.invoke(Method.java:568)
at org.openqa.selenium.support.pagefactory.internal.LocatingElementHandler.invoke(LocatingElementHandler.java:51)
at jdk.proxy2/jdk.proxy2.$Proxy32.sendKeys(Unknown Source)
at com.pageObjects.ContactUsPage.doContactUs(ContactUsPage.java:43)
at tests.TC006_ContactUs.contactUs(TC006_ContactUs.java:32)
at java.base/jdk.internal.reflect.NativeMethodAccessorImpl.invoke0(Native Method)
at java.base/jdk.internal.reflect.NativeMethodAccessorImpl.invoke(NativeMethodAccessorImpl.java:77)
at java.base/jdk.internal.reflect.DelegatingMethodAccessorImpl.invoke(DelegatingMethodAccessorImpl.java:43)
at java.base/java.lang.reflect.Method.invoke(Method.java:568)
at org.testng.internal.invokers.MethodInvocationHelper.invokeMethod(MethodInvocationHelper.java:141)
at org.testng.internal.invokers.TestInvoker.invokeMethod(TestInvoker.java:687)
at org.testng.internal.invokers.TestInvoker.invokeTestMethod(TestInvoker.java:230)
at org.testng.internal.invokers.MethodRunner.runInSequence(MethodRunner.java:63)
at org.testng.internal.invokers.TestInvoker$MethodInvocationAgent.invoke(TestInvoker.java:995)
at org.testng.internal.invokers.TestInvoker.invokeTestMethods(TestInvoker.java:203)
at org.testng.internal.invokers.TestMethodWorker.invokeTestMethods(TestMethodWorker.java:154)
at org.testng.internal.invokers.TestMethodWorker.run(TestMethodWorker.java:134)
at java.base/java.util.ArrayList.forEach(ArrayList.java:1511)
at org.testng.TestRunner.privateRun(TestRunner.java:741)
at org.testng.TestRunner.run(TestRunner.java:616)
at org.testng.SuiteRunner.runTest(SuiteRunner.java:421)
at org.testng.SuiteRunner.runSequentially(SuiteRunner.java:413)
at org.testng.SuiteRunner.privateRun(SuiteRunner.java:373)
at org.testng.SuiteRunner.run(SuiteRunner.java:312)
at org.testng.SuiteRunnerWorker.runSuite(SuiteRunnerWorker.java:52)
at org.testng.SuiteRunnerWorker.run(SuiteRunnerWorker.java:95)
at org.testng.TestNG.runSuitesSequentially(TestNG.java:1274)
at org.testng.TestNG.runSuitesLocally(TestNG.java:1208)
at org.testng.TestNG.runSuites(TestNG.java:1112)
at org.testng.TestNG.run(TestNG.java:1079)
at org.testng.remote.AbstractRemoteTestNG.run(AbstractRemoteTestNG.java:115)
at org.testng.remote.RemoteTestNG.initAndRun(RemoteTestNG.java:293)
at org.testng.remote.RemoteTestNG.main(RemoteTestNG.java:91)
]]>
            </full-stacktrace>
          </exception> <!-- org.openqa.selenium.InvalidArgumentException -->
          <reporter-output>
          </reporter-output>
        </test-method> <!-- contactUs -->
        <test-method is-config="true" signature="close()[pri:0, instance:tests.TC006_ContactUs@8f2ef19]" started-at="2025-07-11T20:09:04 IST" name="close" finished-at="2025-07-11T20:09:05 IST" duration-ms="246" status="PASS">
          <reporter-output>
          </reporter-output>
        </test-method> <!-- close -->
      </class> <!-- tests.TC006_ContactUs -->
      <class name="tests.TC000_HomePage">
        <test-method is-config="true" signature="init()[pri:0, instance:tests.TC000_HomePage@18271936]" started-at="2025-07-11T20:09:05 IST" name="init" finished-at="2025-07-11T20:09:11 IST" duration-ms="6392" status="PASS">
          <reporter-output>
          </reporter-output>
        </test-method> <!-- init -->
        <test-method signature="TC001_HomePage()[pri:0, instance:tests.TC000_HomePage@18271936]" started-at="2025-07-11T20:09:11 IST" name="TC001_HomePage" finished-at="2025-07-11T20:09:11 IST" duration-ms="25" status="PASS">
          <reporter-output>
          </reporter-output>
        </test-method> <!-- TC001_HomePage -->
        <test-method is-config="true" signature="close()[pri:0, instance:tests.TC000_HomePage@18271936]" started-at="2025-07-11T20:09:11 IST" name="close" finished-at="2025-07-11T20:09:11 IST" duration-ms="238" status="PASS">
          <reporter-output>
          </reporter-output>
        </test-method> <!-- close -->
      </class> <!-- tests.TC000_HomePage -->
      <class name="tests.TC001_RegisterUser">
        <test-method is-config="true" signature="init()[pri:0, instance:tests.TC001_RegisterUser@68c9133c]" started-at="2025-07-11T20:09:37 IST" name="init" finished-at="2025-07-11T20:09:43 IST" duration-ms="6105" status="PASS">
          <reporter-output>
          </reporter-output>
        </test-method> <!-- init -->
        <test-method signature="doSignup()[pri:0, instance:tests.TC001_RegisterUser@68c9133c]" started-at="2025-07-11T20:09:43 IST" name="doSignup" description="Register a new user" finished-at="2025-07-11T20:09:45 IST" duration-ms="1802" status="FAIL">
          <exception class="java.lang.AssertionError">
            <message>
              <![CDATA[Signup page title mismatch expected [Automation Exercise - Signup] but found [Automation Exercise - Signup / Login]]]>
            </message>
            <full-stacktrace>
              <![CDATA[java.lang.AssertionError: Signup page title mismatch expected [Automation Exercise - Signup] but found [Automation Exercise - Signup / Login]
at org.testng.Assert.fail(Assert.java:111)
at org.testng.Assert.failNotEquals(Assert.java:1590)
at org.testng.Assert.assertEqualsImpl(Assert.java:150)
at org.testng.Assert.assertEquals(Assert.java:132)
at org.testng.Assert.assertEquals(Assert.java:656)
at tests.TC001_RegisterUser.doSignup(TC001_RegisterUser.java:35)
at java.base/jdk.internal.reflect.NativeMethodAccessorImpl.invoke0(Native Method)
at java.base/jdk.internal.reflect.NativeMethodAccessorImpl.invoke(NativeMethodAccessorImpl.java:77)
at java.base/jdk.internal.reflect.DelegatingMethodAccessorImpl.invoke(DelegatingMethodAccessorImpl.java:43)
at java.base/java.lang.reflect.Method.invoke(Method.java:568)
at org.testng.internal.invokers.MethodInvocationHelper.invokeMethod(MethodInvocationHelper.java:141)
at org.testng.internal.invokers.TestInvoker.invokeMethod(TestInvoker.java:687)
at org.testng.internal.invokers.TestInvoker.invokeTestMethod(TestInvoker.java:230)
at org.testng.internal.invokers.MethodRunner.runInSequence(MethodRunner.java:63)
at org.testng.internal.invokers.TestInvoker$MethodInvocationAgent.invoke(TestInvoker.java:995)
at org.testng.internal.invokers.TestInvoker.invokeTestMethods(TestInvoker.java:203)
at org.testng.internal.invokers.TestMethodWorker.invokeTestMethods(TestMethodWorker.java:154)
at org.testng.internal.invokers.TestMethodWorker.run(TestMethodWorker.java:134)
at java.base/java.util.ArrayList.forEach(ArrayList.java:1511)
at org.testng.TestRunner.privateRun(TestRunner.java:741)
at org.testng.TestRunner.run(TestRunner.java:616)
at org.testng.SuiteRunner.runTest(SuiteRunner.java:421)
at org.testng.SuiteRunner.runSequentially(SuiteRunner.java:413)
at org.testng.SuiteRunner.privateRun(SuiteRunner.java:373)
at org.testng.SuiteRunner.run(SuiteRunner.java:312)
at org.testng.SuiteRunnerWorker.runSuite(SuiteRunnerWorker.java:52)
at org.testng.SuiteRunnerWorker.run(SuiteRunnerWorker.java:95)
at org.testng.TestNG.runSuitesSequentially(TestNG.java:1274)
at org.testng.TestNG.runSuitesLocally(TestNG.java:1208)
at org.testng.TestNG.runSuites(TestNG.java:1112)
at org.testng.TestNG.run(TestNG.java:1079)
at org.testng.remote.AbstractRemoteTestNG.run(AbstractRemoteTestNG.java:115)
at org.testng.remote.RemoteTestNG.initAndRun(RemoteTestNG.java:293)
at org.testng.remote.RemoteTestNG.main(RemoteTestNG.java:91)
]]>
            </full-stacktrace>
          </exception> <!-- java.lang.AssertionError -->
          <reporter-output>
          </reporter-output>
        </test-method> <!-- doSignup -->
        <test-method is-config="true" signature="close()[pri:0, instance:tests.TC001_RegisterUser@68c9133c]" started-at="2025-07-11T20:09:47 IST" name="close" finished-at="2025-07-11T20:09:47 IST" duration-ms="451" status="PASS">
          <reporter-output>
          </reporter-output>
        </test-method> <!-- close -->
      </class> <!-- tests.TC001_RegisterUser -->
      <class name="tests.TC008_Products">
        <test-method is-config="true" signature="init()[pri:0, instance:tests.TC008_Products@5e2c3d18]" started-at="2025-07-11T20:10:10 IST" name="init" finished-at="2025-07-11T20:10:16 IST" duration-ms="5769" status="PASS">
          <reporter-output>
          </reporter-output>
        </test-method> <!-- init -->
        <test-method signature="productCheck()[pri:0, instance:tests.TC008_Products@5e2c3d18]" started-at="2025-07-11T20:10:16 IST" name="productCheck" finished-at="2025-07-11T20:10:22 IST" duration-ms="6093" status="PASS">
          <reporter-output>
          </reporter-output>
        </test-method> <!-- productCheck -->
        <test-method is-config="true" signature="close()[pri:0, instance:tests.TC008_Products@5e2c3d18]" started-at="2025-07-11T20:10:22 IST" name="close" finished-at="2025-07-11T20:10:22 IST" duration-ms="247" status="PASS">
          <reporter-output>
          </reporter-output>
        </test-method> <!-- close -->
      </class> <!-- tests.TC008_Products -->
      <class name="tests.TC009_SearchProduct">
        <test-method is-config="true" signature="init()[pri:0, instance:tests.TC009_SearchProduct@7a35b0f5]" started-at="2025-07-11T20:09:47 IST" name="init" finished-at="2025-07-11T20:09:55 IST" duration-ms="7497" status="PASS">
          <reporter-output>
          </reporter-output>
        </test-method> <!-- init -->
        <test-method signature="searchProduct()[pri:0, instance:tests.TC009_SearchProduct@7a35b0f5]" started-at="2025-07-11T20:09:55 IST" name="searchProduct" finished-at="2025-07-11T20:10:09 IST" duration-ms="14759" status="PASS">
          <reporter-output>
          </reporter-output>
        </test-method> <!-- searchProduct -->
        <test-method is-config="true" signature="close()[pri:0, instance:tests.TC009_SearchProduct@7a35b0f5]" started-at="2025-07-11T20:10:09 IST" name="close" finished-at="2025-07-11T20:10:10 IST" duration-ms="285" status="PASS">
          <reporter-output>
          </reporter-output>
        </test-method> <!-- close -->
      </class> <!-- tests.TC009_SearchProduct -->
      <class name="tests.TC002_LoginUser">
        <test-method is-config="true" signature="init()[pri:0, instance:tests.TC002_LoginUser@8458f04]" started-at="2025-07-11T20:09:11 IST" name="init" finished-at="2025-07-11T20:09:17 IST" duration-ms="6310" status="PASS">
          <reporter-output>
          </reporter-output>
        </test-method> <!-- init -->
        <test-method signature="Login()[pri:0, instance:tests.TC002_LoginUser@8458f04]" started-at="2025-07-11T20:09:17 IST" name="Login" finished-at="2025-07-11T20:09:24 IST" duration-ms="6147" status="PASS">
          <reporter-output>
          </reporter-output>
        </test-method> <!-- Login -->
        <test-method is-config="true" signature="close()[pri:0, instance:tests.TC002_LoginUser@8458f04]" started-at="2025-07-11T20:09:24 IST" name="close" finished-at="2025-07-11T20:09:24 IST" duration-ms="260" status="PASS">
          <reporter-output>
          </reporter-output>
        </test-method> <!-- close -->
      </class> <!-- tests.TC002_LoginUser -->
    </test> <!-- Test -->
  </suite> <!-- Suite -->
</testng-results>
